<?xml version="1.0" encoding="UTF-8"?>
<!-- Generated by org.testng.reporters.JUnitReportReporter -->
<testsuite skipped="0" hostname="DESKTOP-7708UBC" name="demo.TestNGParametersDemo" tests="1" failures="0" timestamp="2020-06-30T11:58:00 IST" time="0.011" errors="0">
  <testcase name="test" time="0.011" classname="demo.TestNGParametersDemo"/>
  <system-out/>
</testsuite> <!-- demo.TestNGParametersDemo -->
