<?xml version="1.0" encoding="UTF-8"?>
<!-- Generated by org.testng.reporters.JUnitReportReporter -->
<testsuite skipped="0" hostname="DESKTOP-7708UBC" name="demo.TestNGDependencydemo" tests="3" failures="0" timestamp="2020-07-02T09:58:42 IST" time="0.025" errors="0">
  <testcase name="test3" time="0.005" classname="demo.TestNGDependencydemo"/>
  <system-out/>
  <testcase name="test2" time="0.016" classname="demo.TestNGDependencydemo"/>
  <system-out/>
  <testcase name="test1" time="0.004" classname="demo.TestNGDependencydemo"/>
  <system-out/>
</testsuite> <!-- demo.TestNGDependencydemo -->
