<?xml version="1.0" encoding="UTF-8"?>
<!-- Generated by org.testng.reporters.JUnitReportReporter -->
<testsuite skipped="0" hostname="DESKTOP-7708UBC" name="demo.TestNGPriorityDemo" tests="3" failures="0" timestamp="2020-06-29T10:20:54 IST" time="0.017" errors="0">
  <testcase name="Test2" time="0.012" classname="demo.TestNGPriorityDemo"/>
  <system-out/>
  <testcase name="Test1" time="0.002" classname="demo.TestNGPriorityDemo"/>
  <system-out/>
  <testcase name="Test3" time="0.003" classname="demo.TestNGPriorityDemo"/>
  <system-out/>
</testsuite> <!-- demo.TestNGPriorityDemo -->
