<?xml version="1.0" encoding="UTF-8"?>
<!-- Generated by org.testng.reporters.JUnitReportReporter -->
<testsuite skipped="1" hostname="DESKTOP-7708UBC" name="Utilities.ExcelDataProvider" tests="1" failures="0" timestamp="2020-06-27T10:25:55 IST" time="0.000" errors="0">
  <testcase name="test1" time="0.000" classname="Utilities.ExcelDataProvider">
    <skipped/>
  </testcase> <!-- test1 -->
  <system-out/>
</testsuite> <!-- Utilities.ExcelDataProvider -->
