<?xml version="1.0" encoding="UTF-8"?>
<!-- Generated by org.testng.reporters.JUnitReportReporter -->
<testsuite skipped="1" hostname="DESKTOP-7708UBC" name="demo.TestNGIgnoreDemo" tests="2" failures="0" timestamp="2020-07-02T10:06:59 IST" time="0.024" errors="0">
  <testcase name="test2" time="0.024" classname="demo.TestNGIgnoreDemo"/>
  <system-out/>
  <testcase name="test1" classname="demo.TestNGIgnoreDemo">
    <skipped/>
  </testcase> <!-- test1 -->
  <system-out/>
</testsuite> <!-- demo.TestNGIgnoreDemo -->
